{
  "RSpec": {
    "coverage": {
      "/Users/Valentina/Projects/makers/practice-exercises/tdd/library-book/spec/book_spec.rb": {
        "lines": [
          1,
          null,
          1,
          6,
          null,
          1,
          1,
          null,
          null,
          1,
          1,
          null,
          null,
          1,
          4,
          null,
          null,
          1,
          1,
          1,
          null,
          null,
          1,
          1,
          null,
          null
        ]
      },
      "/Users/Valentina/Projects/makers/practice-exercises/tdd/library-book/lib/book.rb": {
        "lines": [
          1,
          1,
          null,
          1,
          5,
          5,
          5,
          null,
          null,
          1,
          2,
          null,
          null,
          1,
          2,
          null,
          null,
          null
        ]
      },
      "/Users/Valentina/Projects/makers/practice-exercises/tdd/library-book/spec/library_spec.rb": {
        "lines": [
          1,
          1,
          null,
          1,
          5,
          5,
          3,
          2,
          null,
          1,
          1,
          1,
          null,
          null,
          1,
          1,
          1,
          2,
          null,
          null,
          1,
          1,
          1,
          1,
          1,
          null,
          null,
          null,
          1,
          1,
          1,
          null,
          null,
          1,
          1,
          1,
          null,
          null,
          null
        ]
      },
      "/Users/Valentina/Projects/makers/practice-exercises/tdd/library-book/lib/library.rb": {
        "lines": [
          1,
          null,
          1,
          null,
          1,
          null,
          1,
          4,
          null,
          null,
          1,
          7,
          null,
          null,
          1,
          3,
          null,
          null,
          1,
          2,
          null,
          null,
          1,
          1,
          3,
          null,
          2,
          null,
          null,
          null,
          null
        ]
      }
    },
    "timestamp": 1647301502
  }
}
